<?xml version="1.0" encoding="UTF-8"?>
<testng-results skipped="0" failed="0" total="1" passed="1">
  <reporter-output>
  </reporter-output>
  <suite name="Command line suite" duration-ms="110" started-at="2018-08-14T06:08:20Z" finished-at="2018-08-14T06:08:20Z">
    <groups>
    </groups>
    <test name="Command line test" duration-ms="110" started-at="2018-08-14T06:08:20Z" finished-at="2018-08-14T06:08:20Z">
      <class name="org.apache.struts2.TestNGStrutsTestCaseTest$RunTest">
        <test-method status="PASS" signature="setUp()[pri:0, instance:org.apache.struts2.TestNGStrutsTestCaseTest$RunTest@79b05234]" name="setUp" is-config="true" duration-ms="110" started-at="2018-08-14T10:38:20Z" finished-at="2018-08-14T10:38:20Z">
          <reporter-output>
          </reporter-output>
        </test-method> <!-- setUp -->
        <test-method status="PASS" signature="tearDown()[pri:0, instance:org.apache.struts2.TestNGStrutsTestCaseTest$RunTest@79b05234]" name="tearDown" is-config="true" duration-ms="0" started-at="2018-08-14T10:38:20Z" finished-at="2018-08-14T10:38:20Z">
          <reporter-output>
          </reporter-output>
        </test-method> <!-- tearDown -->
        <test-method status="PASS" signature="testRun()[pri:0, instance:org.apache.struts2.TestNGStrutsTestCaseTest$RunTest@79b05234]" name="testRun" duration-ms="0" started-at="2018-08-14T10:38:20Z" finished-at="2018-08-14T10:38:20Z">
          <reporter-output>
          </reporter-output>
        </test-method> <!-- testRun -->
      </class> <!-- org.apache.struts2.TestNGStrutsTestCaseTest$RunTest -->
    </test> <!-- Command line test -->
  </suite> <!-- Command line suite -->
</testng-results>
